<?xml version="1.0" encoding="UTF-8"?>
<!-- Generated by org.testng.reporters.JUnitReportReporter -->
<testsuite hostname="DESKTOP-JR9TA2R" failures="0" tests="1" name="pack123.Facebookscreenshot" time="0.000" errors="0" timestamp="2022-06-03T12:39:29 IST" skipped="1">
  <testcase classname="pack123.Facebookscreenshot" name="faceboklaunch" time="0.000">
    <skipped/>
  </testcase> <!-- faceboklaunch -->
  <system-out/>
</testsuite> <!-- pack123.Facebookscreenshot -->
